This is pdfTeX, Version 3.141592653-2.6-1.40.25 (TeX Live 2023/nixos.org) (preloaded format=pdflatex 1980.1.1)  9 MAR 2025 12:51
entering extended mode
 restricted \write18 enabled.
 file:line:error style messages enabled.
 %&-line parsing enabled.
**main.tex
(./main.tex
LaTeX2e <2023-11-01> patch level 1
L3 programming layer <2024-02-20>
(/nix/store/ahqlhcr0qzd91jmi10j8dpflc9i65yrk-texlive-2023-env-texmfdist/tex/latex/base/article.cls
Document Class: article 2023/05/17 v1.4n Standard LaTeX document class
(/nix/store/ahqlhcr0qzd91jmi10j8dpflc9i65yrk-texlive-2023-env-texmfdist/tex/latex/base/size10.clo
File: size10.clo 2023/05/17 v1.4n Standard LaTeX file (size option)
)
\c@part=\count188
\c@section=\count189
\c@subsection=\count190
\c@subsubsection=\count191
\c@paragraph=\count192
\c@subparagraph=\count193
\c@figure=\count194
\c@table=\count195
\abovecaptionskip=\skip48
\belowcaptionskip=\skip49
\bibindent=\dimen140
) (/nix/store/ahqlhcr0qzd91jmi10j8dpflc9i65yrk-texlive-2023-env-texmfdist/tex/latex/base/inputenc.sty
Package: inputenc 2021/02/14 v1.3d Input encoding file
\inpenc@prehook=\toks17
\inpenc@posthook=\toks18
) (/nix/store/ahqlhcr0qzd91jmi10j8dpflc9i65yrk-texlive-2023-env-texmfdist/tex/latex/graphics/graphicx.sty
Package: graphicx 2021/09/16 v1.2d Enhanced LaTeX Graphics (DPC,SPQR)
 (/nix/store/ahqlhcr0qzd91jmi10j8dpflc9i65yrk-texlive-2023-env-texmfdist/tex/latex/graphics/keyval.sty
Package: keyval 2022/05/29 v1.15 key=value parser (DPC)
\KV@toks@=\toks19
) (/nix/store/ahqlhcr0qzd91jmi10j8dpflc9i65yrk-texlive-2023-env-texmfdist/tex/latex/graphics/graphics.sty
Package: graphics 2022/03/10 v1.4e Standard LaTeX Graphics (DPC,SPQR)
 (/nix/store/ahqlhcr0qzd91jmi10j8dpflc9i65yrk-texlive-2023-env-texmfdist/tex/latex/graphics/trig.sty
Package: trig 2021/08/11 v1.11 sin cos tan (DPC)
) (/nix/store/ahqlhcr0qzd91jmi10j8dpflc9i65yrk-texlive-2023-env-texmfdist/tex/latex/graphics-cfg/graphics.cfg
File: graphics.cfg 2016/06/04 v1.11 sample graphics configuration
)
Package graphics Info: Driver file: pdftex.def on input line 107.
 (/nix/store/ahqlhcr0qzd91jmi10j8dpflc9i65yrk-texlive-2023-env-texmfdist/tex/latex/graphics-def/pdftex.def
File: pdftex.def 2022/09/22 v1.2b Graphics/color driver for pdftex
))
\Gin@req@height=\dimen141
\Gin@req@width=\dimen142
) (/nix/store/ahqlhcr0qzd91jmi10j8dpflc9i65yrk-texlive-2023-env-texmfdist/tex/latex/booktabs/booktabs.sty
Package: booktabs 2020/01/12 v1.61803398 Publication quality tables
\heavyrulewidth=\dimen143
\lightrulewidth=\dimen144
\cmidrulewidth=\dimen145
\belowrulesep=\dimen146
\belowbottomsep=\dimen147
\aboverulesep=\dimen148
\abovetopsep=\dimen149
\cmidrulesep=\dimen150
\cmidrulekern=\dimen151
\defaultaddspace=\dimen152
\@cmidla=\count196
\@cmidlb=\count197
\@aboverulesep=\dimen153
\@belowrulesep=\dimen154
\@thisruleclass=\count198
\@lastruleclass=\count199
\@thisrulewidth=\dimen155
) (/nix/store/ahqlhcr0qzd91jmi10j8dpflc9i65yrk-texlive-2023-env-texmfdist/tex/latex/geometry/geometry.sty
Package: geometry 2020/01/02 v5.9 Page Geometry
 (/nix/store/ahqlhcr0qzd91jmi10j8dpflc9i65yrk-texlive-2023-env-texmfdist/tex/generic/iftex/ifvtex.sty
Package: ifvtex 2019/10/25 v1.7 ifvtex legacy package. Use iftex instead.
 (/nix/store/ahqlhcr0qzd91jmi10j8dpflc9i65yrk-texlive-2023-env-texmfdist/tex/generic/iftex/iftex.sty
Package: iftex 2022/02/03 v1.0f TeX engine tests
))
\Gm@cnth=\count266
\Gm@cntv=\count267
\c@Gm@tempcnt=\count268
\Gm@bindingoffset=\dimen156
\Gm@wd@mp=\dimen157
\Gm@odd@mp=\dimen158
\Gm@even@mp=\dimen159
\Gm@layoutwidth=\dimen160
\Gm@layoutheight=\dimen161
\Gm@layouthoffset=\dimen162
\Gm@layoutvoffset=\dimen163
\Gm@dimlist=\toks20
) (/nix/store/ahqlhcr0qzd91jmi10j8dpflc9i65yrk-texlive-2023-env-texmfdist/tex/latex/url/url.sty
\Urlmuskip=\muskip16
Package: url 2013/09/16  ver 3.4  Verb mode for urls, etc.
) (/nix/store/ahqlhcr0qzd91jmi10j8dpflc9i65yrk-texlive-2023-env-texmfdist/tex/latex/appendix/appendix.sty
Package: appendix 2020/02/08 v1.2c extra appendix facilities
\c@@pps=\count269
\c@@ppsavesec=\count270
\c@@ppsaveapp=\count271
) (/nix/store/ahqlhcr0qzd91jmi10j8dpflc9i65yrk-texlive-2023-env-texmfdist/tex/latex/graphics/lscape.sty
Package: lscape 2020/05/28 v3.02 Landscape Pages (DPC)
) (/nix/store/ahqlhcr0qzd91jmi10j8dpflc9i65yrk-texlive-2023-env-texmfdist/tex/latex/caption/subcaption.sty
Package: subcaption 2023/07/28 v1.6b Sub-captions (AR)
 (/nix/store/ahqlhcr0qzd91jmi10j8dpflc9i65yrk-texlive-2023-env-texmfdist/tex/latex/caption/caption.sty
Package: caption 2023/08/05 v3.6o Customizing captions (AR)
 (/nix/store/ahqlhcr0qzd91jmi10j8dpflc9i65yrk-texlive-2023-env-texmfdist/tex/latex/caption/caption3.sty
Package: caption3 2023/07/31 v2.4d caption3 kernel (AR)
\caption@tempdima=\dimen164
\captionmargin=\dimen165
\caption@leftmargin=\dimen166
\caption@rightmargin=\dimen167
\caption@width=\dimen168
\caption@indent=\dimen169
\caption@parindent=\dimen170
\caption@hangindent=\dimen171
Package caption Info: Standard document class detected.
)
\c@caption@flags=\count272
\c@continuedfloat=\count273
)
Package caption Info: New subtype `subfigure' on input line 238.
\c@subfigure=\count274
Package caption Info: New subtype `subtable' on input line 238.
\c@subtable=\count275
) (/nix/store/ahqlhcr0qzd91jmi10j8dpflc9i65yrk-texlive-2023-env-texmfdist/tex/latex/tools/longtable.sty
Package: longtable 2023-11-01 v4.19 Multi-page Table package (DPC)
\LTleft=\skip50
\LTright=\skip51
\LTpre=\skip52
\LTpost=\skip53
\LTchunksize=\count276
\LTcapwidth=\dimen172
\LT@head=\box51
\LT@firsthead=\box52
\LT@foot=\box53
\LT@lastfoot=\box54
\LT@gbox=\box55
\LT@cols=\count277
\LT@rows=\count278
\c@LT@tables=\count279
\c@LT@chunks=\count280
\LT@p@ftn=\toks21
)
(/nix/store/ahqlhcr0qzd91jmi10j8dpflc9i65yrk-texlive-2023-env-texmfdist/tex/latex/hyperref/hyperref.sty
Package: hyperref 2024-01-20 v7.01h Hypertext links for LaTeX
 (/nix/store/ahqlhcr0qzd91jmi10j8dpflc9i65yrk-texlive-2023-env-texmfdist/tex/latex/kvsetkeys/kvsetkeys.sty
Package: kvsetkeys 2022-10-05 v1.19 Key value parser (HO)
) (/nix/store/ahqlhcr0qzd91jmi10j8dpflc9i65yrk-texlive-2023-env-texmfdist/tex/generic/kvdefinekeys/kvdefinekeys.sty
Package: kvdefinekeys 2019-12-19 v1.6 Define keys (HO)
) (/nix/store/ahqlhcr0qzd91jmi10j8dpflc9i65yrk-texlive-2023-env-texmfdist/tex/generic/pdfescape/pdfescape.sty
Package: pdfescape 2019/12/09 v1.15 Implements pdfTeX's escape features (HO)
 (/nix/store/ahqlhcr0qzd91jmi10j8dpflc9i65yrk-texlive-2023-env-texmfdist/tex/generic/ltxcmds/ltxcmds.sty
Package: ltxcmds 2023-12-04 v1.26 LaTeX kernel commands for general use (HO)
) (/nix/store/ahqlhcr0qzd91jmi10j8dpflc9i65yrk-texlive-2023-env-texmfdist/tex/generic/pdftexcmds/pdftexcmds.sty
Package: pdftexcmds 2020-06-27 v0.33 Utility functions of pdfTeX for LuaTeX (HO)
 (/nix/store/ahqlhcr0qzd91jmi10j8dpflc9i65yrk-texlive-2023-env-texmfdist/tex/generic/infwarerr/infwarerr.sty
Package: infwarerr 2019/12/03 v1.5 Providing info/warning/error messages (HO)
)
Package pdftexcmds Info: \pdf@primitive is available.
Package pdftexcmds Info: \pdf@ifprimitive is available.
Package pdftexcmds Info: \pdfdraftmode found.
)) (/nix/store/ahqlhcr0qzd91jmi10j8dpflc9i65yrk-texlive-2023-env-texmfdist/tex/latex/hycolor/hycolor.sty
Package: hycolor 2020-01-27 v1.10 Color options for hyperref/bookmark (HO)
) (/nix/store/ahqlhcr0qzd91jmi10j8dpflc9i65yrk-texlive-2023-env-texmfdist/tex/latex/auxhook/auxhook.sty
Package: auxhook 2019-12-17 v1.6 Hooks for auxiliary files (HO)
) (/nix/store/ahqlhcr0qzd91jmi10j8dpflc9i65yrk-texlive-2023-env-texmfdist/tex/latex/hyperref/nameref.sty
Package: nameref 2023-11-26 v2.56 Cross-referencing by name of section
 (/nix/store/ahqlhcr0qzd91jmi10j8dpflc9i65yrk-texlive-2023-env-texmfdist/tex/latex/refcount/refcount.sty
Package: refcount 2019/12/15 v3.6 Data extraction from label references (HO)
) (/nix/store/ahqlhcr0qzd91jmi10j8dpflc9i65yrk-texlive-2023-env-texmfdist/tex/generic/gettitlestring/gettitlestring.sty
Package: gettitlestring 2019/12/15 v1.6 Cleanup title references (HO)
 (/nix/store/ahqlhcr0qzd91jmi10j8dpflc9i65yrk-texlive-2023-env-texmfdist/tex/latex/kvoptions/kvoptions.sty
Package: kvoptions 2022-06-15 v3.15 Key value format for package options (HO)
))
\c@section@level=\count281
) (/nix/store/ahqlhcr0qzd91jmi10j8dpflc9i65yrk-texlive-2023-env-texmfdist/tex/latex/etoolbox/etoolbox.sty
Package: etoolbox 2020/10/05 v2.5k e-TeX tools for LaTeX (JAW)
\etb@tempcnta=\count282
)
\@linkdim=\dimen173
\Hy@linkcounter=\count283
\Hy@pagecounter=\count284
 (/nix/store/ahqlhcr0qzd91jmi10j8dpflc9i65yrk-texlive-2023-env-texmfdist/tex/latex/hyperref/pd1enc.def
File: pd1enc.def 2024-01-20 v7.01h Hyperref: PDFDocEncoding definition (HO)
Now handling font encoding PD1 ...
... no UTF-8 mapping file for font encoding PD1
) (/nix/store/ahqlhcr0qzd91jmi10j8dpflc9i65yrk-texlive-2023-env-texmfdist/tex/generic/intcalc/intcalc.sty
Package: intcalc 2019/12/15 v1.3 Expandable calculations with integers (HO)
)
\Hy@SavedSpaceFactor=\count285
 (/nix/store/ahqlhcr0qzd91jmi10j8dpflc9i65yrk-texlive-2023-env-texmfdist/tex/latex/hyperref/puenc.def
File: puenc.def 2024-01-20 v7.01h Hyperref: PDF Unicode definition (HO)
Now handling font encoding PU ...
... no UTF-8 mapping file for font encoding PU
)
Package hyperref Info: Hyper figures OFF on input line 4179.
Package hyperref Info: Link nesting OFF on input line 4184.
Package hyperref Info: Hyper index ON on input line 4187.
Package hyperref Info: Plain pages OFF on input line 4194.
Package hyperref Info: Backreferencing OFF on input line 4199.
Package hyperref Info: Implicit mode ON; LaTeX internals redefined.
Package hyperref Info: Bookmarks ON on input line 4446.
\c@Hy@tempcnt=\count286
LaTeX Info: Redefining \url on input line 4784.
\XeTeXLinkMargin=\dimen174
 (/nix/store/ahqlhcr0qzd91jmi10j8dpflc9i65yrk-texlive-2023-env-texmfdist/tex/generic/bitset/bitset.sty
Package: bitset 2019/12/09 v1.3 Handle bit-vector datatype (HO)

(/nix/store/ahqlhcr0qzd91jmi10j8dpflc9i65yrk-texlive-2023-env-texmfdist/tex/generic/bigintcalc/bigintcalc.sty
Package: bigintcalc 2019/12/15 v1.5 Expandable calculations on big integers (HO)
))
\Fld@menulength=\count287
\Field@Width=\dimen175
\Fld@charsize=\dimen176
Package hyperref Info: Hyper figures OFF on input line 6063.
Package hyperref Info: Link nesting OFF on input line 6068.
Package hyperref Info: Hyper index ON on input line 6071.
Package hyperref Info: backreferencing OFF on input line 6078.
Package hyperref Info: Link coloring OFF on input line 6083.
Package hyperref Info: Link coloring with OCG OFF on input line 6088.
Package hyperref Info: PDF/A mode OFF on input line 6093.
 (/nix/store/ahqlhcr0qzd91jmi10j8dpflc9i65yrk-texlive-2023-env-texmfdist/tex/latex/base/atbegshi-ltx.sty
Package: atbegshi-ltx 2021/01/10 v1.0c Emulation of the original atbegshi
package with kernel methods
)
\Hy@abspage=\count288
\c@Item=\count289
\c@Hfootnote=\count290
)
Package hyperref Info: Driver (autodetected): hpdftex.
 (/nix/store/ahqlhcr0qzd91jmi10j8dpflc9i65yrk-texlive-2023-env-texmfdist/tex/latex/hyperref/hpdftex.def
File: hpdftex.def 2024-01-20 v7.01h Hyperref driver for pdfTeX
 (/nix/store/ahqlhcr0qzd91jmi10j8dpflc9i65yrk-texlive-2023-env-texmfdist/tex/latex/base/atveryend-ltx.sty
Package: atveryend-ltx 2020/08/19 v1.0a Emulation of the original atveryend package
with kernel methods
)
\Fld@listcount=\count291
\c@bookmark@seq@number=\count292
 (/nix/store/ahqlhcr0qzd91jmi10j8dpflc9i65yrk-texlive-2023-env-texmfdist/tex/latex/rerunfilecheck/rerunfilecheck.sty
Package: rerunfilecheck 2022-07-10 v1.10 Rerun checks for auxiliary files (HO)
 (/nix/store/ahqlhcr0qzd91jmi10j8dpflc9i65yrk-texlive-2023-env-texmfdist/tex/generic/uniquecounter/uniquecounter.sty
Package: uniquecounter 2019/12/15 v1.4 Provide unlimited unique counter (HO)
)
Package uniquecounter Info: New unique counter `rerunfilecheck' on input line 285.
)
\Hy@SectionHShift=\skip54
) (/nix/store/ahqlhcr0qzd91jmi10j8dpflc9i65yrk-texlive-2023-env-texmfdist/tex/latex/biblatex/biblatex.sty
Package: biblatex 2023/03/05 v3.19 programmable bibliographies (PK/MW)
 (/nix/store/ahqlhcr0qzd91jmi10j8dpflc9i65yrk-texlive-2023-env-texmfdist/tex/latex/logreq/logreq.sty
Package: logreq 2010/08/04 v1.0 xml request logger
\lrq@indent=\count293
 (/nix/store/ahqlhcr0qzd91jmi10j8dpflc9i65yrk-texlive-2023-env-texmfdist/tex/latex/logreq/logreq.def
File: logreq.def 2010/08/04 v1.0 logreq spec v1.0
)) (/nix/store/ahqlhcr0qzd91jmi10j8dpflc9i65yrk-texlive-2023-env-texmfdist/tex/latex/base/ifthen.sty
Package: ifthen 2022/04/13 v1.1d Standard LaTeX ifthen package (DPC)
)
\c@tabx@nest=\count294
\c@listtotal=\count295
\c@listcount=\count296
\c@liststart=\count297
\c@liststop=\count298
\c@citecount=\count299
\c@citetotal=\count300
\c@multicitecount=\count301
\c@multicitetotal=\count302
\c@instcount=\count303
\c@maxnames=\count304
\c@minnames=\count305
\c@maxitems=\count306
\c@minitems=\count307
\c@citecounter=\count308
\c@maxcitecounter=\count309
\c@savedcitecounter=\count310
\c@uniquelist=\count311
\c@uniquename=\count312
\c@refsection=\count313
\c@refsegment=\count314
\c@maxextratitle=\count315
\c@maxextratitleyear=\count316
\c@maxextraname=\count317
\c@maxextradate=\count318
\c@maxextraalpha=\count319
\c@abbrvpenalty=\count320
\c@highnamepenalty=\count321
\c@lownamepenalty=\count322
\c@maxparens=\count323
\c@parenlevel=\count324
\blx@tempcnta=\count325
\blx@tempcntb=\count326
\blx@tempcntc=\count327
\c@blx@maxsection=\count328
\blx@maxsegment@0=\count329
\blx@notetype=\count330
\blx@parenlevel@text=\count331
\blx@parenlevel@foot=\count332
\blx@sectionciteorder@0=\count333
\blx@sectionciteorderinternal@0=\count334
\blx@entrysetcounter=\count335
\blx@biblioinstance=\count336
\labelnumberwidth=\skip55
\labelalphawidth=\skip56
\biblabelsep=\skip57
\bibitemsep=\skip58
\bibnamesep=\skip59
\bibinitsep=\skip60
\bibparsep=\skip61
\bibhang=\skip62
\blx@bcfin=\read2
\blx@bcfout=\write3
\blx@langwohyphens=\language89
\c@mincomprange=\count337
\c@maxcomprange=\count338
\c@mincompwidth=\count339
Package biblatex Info: Trying to load biblatex default data model...
Package biblatex Info: ... file 'blx-dm.def' found.
 (/nix/store/ahqlhcr0qzd91jmi10j8dpflc9i65yrk-texlive-2023-env-texmfdist/tex/latex/biblatex/blx-dm.def
File: blx-dm.def 2023/03/05 v3.19 biblatex localization (PK/MW)
)
Package biblatex Info: Trying to load biblatex custom data model...
Package biblatex Info: ... file 'biblatex-dm.cfg' not found.
\c@afterword=\count340
\c@savedafterword=\count341
\c@annotator=\count342
\c@savedannotator=\count343
\c@author=\count344
\c@savedauthor=\count345
\c@bookauthor=\count346
\c@savedbookauthor=\count347
\c@commentator=\count348
\c@savedcommentator=\count349
\c@editor=\count350
\c@savededitor=\count351
\c@editora=\count352
\c@savededitora=\count353
\c@editorb=\count354
\c@savededitorb=\count355
\c@editorc=\count356
\c@savededitorc=\count357
\c@foreword=\count358
\c@savedforeword=\count359
\c@holder=\count360
\c@savedholder=\count361
\c@introduction=\count362
\c@savedintroduction=\count363
\c@namea=\count364
\c@savednamea=\count365
\c@nameb=\count366
\c@savednameb=\count367
\c@namec=\count368
\c@savednamec=\count369
\c@translator=\count370
\c@savedtranslator=\count371
\c@shortauthor=\count372
\c@savedshortauthor=\count373
\c@shorteditor=\count374
\c@savedshorteditor=\count375
\c@labelname=\count376
\c@savedlabelname=\count377
\c@institution=\count378
\c@savedinstitution=\count379
\c@lista=\count380
\c@savedlista=\count381
\c@listb=\count382
\c@savedlistb=\count383
\c@listc=\count384
\c@savedlistc=\count385
\c@listd=\count386
\c@savedlistd=\count387
\c@liste=\count388
\c@savedliste=\count389
\c@listf=\count390
\c@savedlistf=\count391
\c@location=\count392
\c@savedlocation=\count393
\c@organization=\count394
\c@savedorganization=\count395
\c@origlocation=\count396
\c@savedoriglocation=\count397
\c@origpublisher=\count398
\c@savedorigpublisher=\count399
\c@publisher=\count400
\c@savedpublisher=\count401
\c@language=\count402
\c@savedlanguage=\count403
\c@origlanguage=\count404
\c@savedoriglanguage=\count405
\c@pageref=\count406
\c@savedpageref=\count407
\shorthandwidth=\skip63
\shortjournalwidth=\skip64
\shortserieswidth=\skip65
\shorttitlewidth=\skip66
\shortauthorwidth=\skip67
\shorteditorwidth=\skip68
\locallabelnumberwidth=\skip69
\locallabelalphawidth=\skip70
\localshorthandwidth=\skip71
\localshortjournalwidth=\skip72
\localshortserieswidth=\skip73
\localshorttitlewidth=\skip74
\localshortauthorwidth=\skip75
\localshorteditorwidth=\skip76
Package biblatex Info: Trying to load compatibility code...
Package biblatex Info: ... file 'blx-compat.def' found.
 (/nix/store/ahqlhcr0qzd91jmi10j8dpflc9i65yrk-texlive-2023-env-texmfdist/tex/latex/biblatex/blx-compat.def
File: blx-compat.def 2023/03/05 v3.19 biblatex compatibility (PK/MW)
)
Package biblatex Info: Trying to load generic definitions...
Package biblatex Info: ... file 'biblatex.def' found.
 (/nix/store/ahqlhcr0qzd91jmi10j8dpflc9i65yrk-texlive-2023-env-texmfdist/tex/latex/biblatex/biblatex.def
File: biblatex.def 2023/03/05 v3.19 biblatex compatibility (PK/MW)
\c@textcitecount=\count408
\c@textcitetotal=\count409
\c@textcitemaxnames=\count410
\c@biburlbigbreakpenalty=\count411
\c@biburlbreakpenalty=\count412
\c@biburlnumpenalty=\count413
\c@biburlucpenalty=\count414
\c@biburllcpenalty=\count415
\biburlbigskip=\muskip17
\biburlnumskip=\muskip18
\biburlucskip=\muskip19
\biburllcskip=\muskip20
\c@smartand=\count416
)
Package biblatex Info: Trying to load bibliography style 'numeric'...
Package biblatex Info: ... file 'numeric.bbx' found.
 (/nix/store/ahqlhcr0qzd91jmi10j8dpflc9i65yrk-texlive-2023-env-texmfdist/tex/latex/biblatex/bbx/numeric.bbx
File: numeric.bbx 2023/03/05 v3.19 biblatex bibliography style (PK/MW)
Package biblatex Info: Trying to load bibliography style 'standard'...
Package biblatex Info: ... file 'standard.bbx' found.
 (/nix/store/ahqlhcr0qzd91jmi10j8dpflc9i65yrk-texlive-2023-env-texmfdist/tex/latex/biblatex/bbx/standard.bbx
File: standard.bbx 2023/03/05 v3.19 biblatex bibliography style (PK/MW)
\c@bbx:relatedcount=\count417
\c@bbx:relatedtotal=\count418
))
Package biblatex Info: Trying to load citation style 'numeric'...
Package biblatex Info: ... file 'numeric.cbx' found.
 (/nix/store/ahqlhcr0qzd91jmi10j8dpflc9i65yrk-texlive-2023-env-texmfdist/tex/latex/biblatex/cbx/numeric.cbx
File: numeric.cbx 2023/03/05 v3.19 biblatex citation style (PK/MW)
Package biblatex Info: Redefining '\cite'.
Package biblatex Info: Redefining '\parencite'.
Package biblatex Info: Redefining '\footcite'.
Package biblatex Info: Redefining '\footcitetext'.
Package biblatex Info: Redefining '\smartcite'.
Package biblatex Info: Redefining '\supercite'.
Package biblatex Info: Redefining '\textcite'.
Package biblatex Info: Redefining '\textcites'.
Package biblatex Info: Redefining '\cites'.
Package biblatex Info: Redefining '\parencites'.
Package biblatex Info: Redefining '\smartcites'.
)
Package biblatex Info: Trying to load configuration file...
Package biblatex Info: ... file 'biblatex.cfg' found.
 (/nix/store/ahqlhcr0qzd91jmi10j8dpflc9i65yrk-texlive-2023-env-texmfdist/tex/latex/biblatex/biblatex.cfg
File: biblatex.cfg 
)
Package biblatex Info: Input encoding 'utf8' detected.
Package biblatex Info: Document encoding is UTF8 ....
 (/nix/store/ahqlhcr0qzd91jmi10j8dpflc9i65yrk-texlive-2023-env-texmfdist/tex/latex/l3kernel/expl3.sty
Package: expl3 2024-02-20 L3 programming layer (loader) 

(/nix/store/ahqlhcr0qzd91jmi10j8dpflc9i65yrk-texlive-2023-env-texmfdist/tex/latex/l3backend/l3backend-pdftex.def
File: l3backend-pdftex.def 2024-02-20 L3 backend support: PDF output (pdfTeX)
\l__color_backend_stack_int=\count419
\l__pdf_internal_box=\box56
))
Package biblatex Info: ... and expl3
(biblatex)             2024-02-20 L3 programming layer (loader) 
(biblatex)             is new enough (at least 2020/04/06),
(biblatex)             setting 'casechanger=expl3'.
 (/nix/store/ahqlhcr0qzd91jmi10j8dpflc9i65yrk-texlive-2023-env-texmfdist/tex/latex/biblatex/blx-case-expl3.sty (/nix/store/ahqlhcr0qzd91jmi10j8dpflc9i65yrk-texlive-2023-env-texmfdist/tex/latex/l3packages/xparse/xparse.sty
Package: xparse 2024-02-18 L3 Experimental document command parser
)
Package: blx-case-expl3 2023/03/05 v3.19 expl3 case changing code for biblatex
)) (/nix/store/ahqlhcr0qzd91jmi10j8dpflc9i65yrk-texlive-2023-env-texmfdist/tex/latex/fancyhdr/fancyhdr.sty
Package: fancyhdr 2022/11/09 v4.1 Extensive control of page headers and footers
\f@nch@headwidth=\skip77
\f@nch@O@elh=\skip78
\f@nch@O@erh=\skip79
\f@nch@O@olh=\skip80
\f@nch@O@orh=\skip81
\f@nch@O@elf=\skip82
\f@nch@O@erf=\skip83
\f@nch@O@olf=\skip84
\f@nch@O@orf=\skip85
) (/nix/store/ahqlhcr0qzd91jmi10j8dpflc9i65yrk-texlive-2023-env-texmfdist/tex/latex/lastpage/lastpage.sty
Package: lastpage 2023/10/14 v2.0e lastpage: 2.09 or 2e? (HMM)
 (/nix/store/ahqlhcr0qzd91jmi10j8dpflc9i65yrk-texlive-2023-env-texmfdist/tex/latex/lastpage/lastpage2e.sty
Package: lastpage2e 2023/10/14 v2.0e Decide which 2e lastpage version to use (HMM)
 (/nix/store/ahqlhcr0qzd91jmi10j8dpflc9i65yrk-texlive-2023-env-texmfdist/tex/latex/lastpage/lastpagemodern.sty
Package: lastpagemodern 2023-10-14 v2.0e Refers to last page's name (HMM; JPG)
\c@lastpagecount=\count420
) 
)) (/nix/store/ahqlhcr0qzd91jmi10j8dpflc9i65yrk-texlive-2023-env-texmfdist/tex/latex/framed/framed.sty
Package: framed 2011/10/22 v 0.96: framed or shaded text with page breaks
\OuterFrameSep=\skip86
\fb@frw=\dimen177
\fb@frh=\dimen178
\FrameRule=\dimen179
\FrameSep=\dimen180
) (/nix/store/ahqlhcr0qzd91jmi10j8dpflc9i65yrk-texlive-2023-env-texmfdist/tex/latex/pgfplots/pgfplots.sty (/nix/store/ahqlhcr0qzd91jmi10j8dpflc9i65yrk-texlive-2023-env-texmfdist/tex/generic/pgfplots/pgfplots.revision.tex)
Package: pgfplots 2021/05/15 v1.18.1 Data Visualization (1.18.1)
 (/nix/store/ahqlhcr0qzd91jmi10j8dpflc9i65yrk-texlive-2023-env-texmfdist/tex/latex/pgf/frontendlayer/tikz.sty (/nix/store/ahqlhcr0qzd91jmi10j8dpflc9i65yrk-texlive-2023-env-texmfdist/tex/latex/pgf/basiclayer/pgf.sty (/nix/store/ahqlhcr0qzd91jmi10j8dpflc9i65yrk-texlive-2023-env-texmfdist/tex/latex/pgf/utilities/pgfrcs.sty (/nix/store/ahqlhcr0qzd91jmi10j8dpflc9i65yrk-texlive-2023-env-texmfdist/tex/generic/pgf/utilities/pgfutil-common.tex
\pgfutil@everybye=\toks22
\pgfutil@tempdima=\dimen181
\pgfutil@tempdimb=\dimen182
) (/nix/store/ahqlhcr0qzd91jmi10j8dpflc9i65yrk-texlive-2023-env-texmfdist/tex/generic/pgf/utilities/pgfutil-latex.def
\pgfutil@abb=\box57
) (/nix/store/ahqlhcr0qzd91jmi10j8dpflc9i65yrk-texlive-2023-env-texmfdist/tex/generic/pgf/utilities/pgfrcs.code.tex (/nix/store/ahqlhcr0qzd91jmi10j8dpflc9i65yrk-texlive-2023-env-texmfdist/tex/generic/pgf/pgf.revision.tex)
Package: pgfrcs 2023-01-15 v3.1.10 (3.1.10)
))
Package: pgf 2023-01-15 v3.1.10 (3.1.10)
 (/nix/store/ahqlhcr0qzd91jmi10j8dpflc9i65yrk-texlive-2023-env-texmfdist/tex/latex/pgf/basiclayer/pgfcore.sty (/nix/store/ahqlhcr0qzd91jmi10j8dpflc9i65yrk-texlive-2023-env-texmfdist/tex/latex/pgf/systemlayer/pgfsys.sty (/nix/store/ahqlhcr0qzd91jmi10j8dpflc9i65yrk-texlive-2023-env-texmfdist/tex/generic/pgf/systemlayer/pgfsys.code.tex
Package: pgfsys 2023-01-15 v3.1.10 (3.1.10)
 (/nix/store/ahqlhcr0qzd91jmi10j8dpflc9i65yrk-texlive-2023-env-texmfdist/tex/generic/pgf/utilities/pgfkeys.code.tex
\pgfkeys@pathtoks=\toks23
\pgfkeys@temptoks=\toks24
 (/nix/store/ahqlhcr0qzd91jmi10j8dpflc9i65yrk-texlive-2023-env-texmfdist/tex/generic/pgf/utilities/pgfkeyslibraryfiltered.code.tex
\pgfkeys@tmptoks=\toks25
))
\pgf@x=\dimen183
\pgf@y=\dimen184
\pgf@xa=\dimen185
\pgf@ya=\dimen186
\pgf@xb=\dimen187
\pgf@yb=\dimen188
\pgf@xc=\dimen189
\pgf@yc=\dimen190
\pgf@xd=\dimen191
\pgf@yd=\dimen192
\w@pgf@writea=\write4
\r@pgf@reada=\read3
\c@pgf@counta=\count421
\c@pgf@countb=\count422
\c@pgf@countc=\count423
\c@pgf@countd=\count424
\t@pgf@toka=\toks26
\t@pgf@tokb=\toks27
\t@pgf@tokc=\toks28
\pgf@sys@id@count=\count425
 (/nix/store/ahqlhcr0qzd91jmi10j8dpflc9i65yrk-texlive-2023-env-texmfdist/tex/generic/pgf/systemlayer/pgf.cfg
File: pgf.cfg 2023-01-15 v3.1.10 (3.1.10)
)
Driver file for pgf: pgfsys-pdftex.def
 (/nix/store/ahqlhcr0qzd91jmi10j8dpflc9i65yrk-texlive-2023-env-texmfdist/tex/generic/pgf/systemlayer/pgfsys-pdftex.def
File: pgfsys-pdftex.def 2023-01-15 v3.1.10 (3.1.10)

(/nix/store/ahqlhcr0qzd91jmi10j8dpflc9i65yrk-texlive-2023-env-texmfdist/tex/generic/pgf/systemlayer/pgfsys-common-pdf.def
File: pgfsys-common-pdf.def 2023-01-15 v3.1.10 (3.1.10)
))) (/nix/store/ahqlhcr0qzd91jmi10j8dpflc9i65yrk-texlive-2023-env-texmfdist/tex/generic/pgf/systemlayer/pgfsyssoftpath.code.tex
File: pgfsyssoftpath.code.tex 2023-01-15 v3.1.10 (3.1.10)
\pgfsyssoftpath@smallbuffer@items=\count426
\pgfsyssoftpath@bigbuffer@items=\count427
) (/nix/store/ahqlhcr0qzd91jmi10j8dpflc9i65yrk-texlive-2023-env-texmfdist/tex/generic/pgf/systemlayer/pgfsysprotocol.code.tex
File: pgfsysprotocol.code.tex 2023-01-15 v3.1.10 (3.1.10)
)) (/nix/store/ahqlhcr0qzd91jmi10j8dpflc9i65yrk-texlive-2023-env-texmfdist/tex/latex/xcolor/xcolor.sty
Package: xcolor 2023/11/15 v3.01 LaTeX color extensions (UK)
 (/nix/store/ahqlhcr0qzd91jmi10j8dpflc9i65yrk-texlive-2023-env-texmfdist/tex/latex/graphics-cfg/color.cfg
File: color.cfg 2016/01/02 v1.6 sample color configuration
)
Package xcolor Info: Driver file: pdftex.def on input line 274.
 (/nix/store/ahqlhcr0qzd91jmi10j8dpflc9i65yrk-texlive-2023-env-texmfdist/tex/latex/graphics/mathcolor.ltx)
Package xcolor Info: Model `cmy' substituted by `cmy0' on input line 1350.
Package xcolor Info: Model `hsb' substituted by `rgb' on input line 1354.
Package xcolor Info: Model `RGB' extended on input line 1366.
Package xcolor Info: Model `HTML' substituted by `rgb' on input line 1368.
Package xcolor Info: Model `Hsb' substituted by `hsb' on input line 1369.
Package xcolor Info: Model `tHsb' substituted by `hsb' on input line 1370.
Package xcolor Info: Model `HSB' substituted by `hsb' on input line 1371.
Package xcolor Info: Model `Gray' substituted by `gray' on input line 1372.
Package xcolor Info: Model `wave' substituted by `hsb' on input line 1373.
) (/nix/store/ahqlhcr0qzd91jmi10j8dpflc9i65yrk-texlive-2023-env-texmfdist/tex/generic/pgf/basiclayer/pgfcore.code.tex
Package: pgfcore 2023-01-15 v3.1.10 (3.1.10)
 (/nix/store/ahqlhcr0qzd91jmi10j8dpflc9i65yrk-texlive-2023-env-texmfdist/tex/generic/pgf/math/pgfmath.code.tex (/nix/store/ahqlhcr0qzd91jmi10j8dpflc9i65yrk-texlive-2023-env-texmfdist/tex/generic/pgf/math/pgfmathutil.code.tex) (/nix/store/ahqlhcr0qzd91jmi10j8dpflc9i65yrk-texlive-2023-env-texmfdist/tex/generic/pgf/math/pgfmathparser.code.tex
\pgfmath@dimen=\dimen193
\pgfmath@count=\count428
\pgfmath@box=\box58
\pgfmath@toks=\toks29
\pgfmath@stack@operand=\toks30
\pgfmath@stack@operation=\toks31
) (/nix/store/ahqlhcr0qzd91jmi10j8dpflc9i65yrk-texlive-2023-env-texmfdist/tex/generic/pgf/math/pgfmathfunctions.code.tex) (/nix/store/ahqlhcr0qzd91jmi10j8dpflc9i65yrk-texlive-2023-env-texmfdist/tex/generic/pgf/math/pgfmathfunctions.basic.code.tex) (/nix/store/ahqlhcr0qzd91jmi10j8dpflc9i65yrk-texlive-2023-env-texmfdist/tex/generic/pgf/math/pgfmathfunctions.trigonometric.code.tex) (/nix/store/ahqlhcr0qzd91jmi10j8dpflc9i65yrk-texlive-2023-env-texmfdist/tex/generic/pgf/math/pgfmathfunctions.random.code.tex) (/nix/store/ahqlhcr0qzd91jmi10j8dpflc9i65yrk-texlive-2023-env-texmfdist/tex/generic/pgf/math/pgfmathfunctions.comparison.code.tex) (/nix/store/ahqlhcr0qzd91jmi10j8dpflc9i65yrk-texlive-2023-env-texmfdist/tex/generic/pgf/math/pgfmathfunctions.base.code.tex)
(/nix/store/ahqlhcr0qzd91jmi10j8dpflc9i65yrk-texlive-2023-env-texmfdist/tex/generic/pgf/math/pgfmathfunctions.round.code.tex) (/nix/store/ahqlhcr0qzd91jmi10j8dpflc9i65yrk-texlive-2023-env-texmfdist/tex/generic/pgf/math/pgfmathfunctions.misc.code.tex) (/nix/store/ahqlhcr0qzd91jmi10j8dpflc9i65yrk-texlive-2023-env-texmfdist/tex/generic/pgf/math/pgfmathfunctions.integerarithmetics.code.tex) (/nix/store/ahqlhcr0qzd91jmi10j8dpflc9i65yrk-texlive-2023-env-texmfdist/tex/generic/pgf/math/pgfmathcalc.code.tex) (/nix/store/ahqlhcr0qzd91jmi10j8dpflc9i65yrk-texlive-2023-env-texmfdist/tex/generic/pgf/math/pgfmathfloat.code.tex
\c@pgfmathroundto@lastzeros=\count429
)) (/nix/store/ahqlhcr0qzd91jmi10j8dpflc9i65yrk-texlive-2023-env-texmfdist/tex/generic/pgf/math/pgfint.code.tex) (/nix/store/ahqlhcr0qzd91jmi10j8dpflc9i65yrk-texlive-2023-env-texmfdist/tex/generic/pgf/basiclayer/pgfcorepoints.code.tex
File: pgfcorepoints.code.tex 2023-01-15 v3.1.10 (3.1.10)
\pgf@picminx=\dimen194
\pgf@picmaxx=\dimen195
\pgf@picminy=\dimen196
\pgf@picmaxy=\dimen197
\pgf@pathminx=\dimen198
\pgf@pathmaxx=\dimen199
\pgf@pathminy=\dimen256
\pgf@pathmaxy=\dimen257
\pgf@xx=\dimen258
\pgf@xy=\dimen259
\pgf@yx=\dimen260
\pgf@yy=\dimen261
\pgf@zx=\dimen262
\pgf@zy=\dimen263
) (/nix/store/ahqlhcr0qzd91jmi10j8dpflc9i65yrk-texlive-2023-env-texmfdist/tex/generic/pgf/basiclayer/pgfcorepathconstruct.code.tex
File: pgfcorepathconstruct.code.tex 2023-01-15 v3.1.10 (3.1.10)
\pgf@path@lastx=\dimen264
\pgf@path@lasty=\dimen265
) (/nix/store/ahqlhcr0qzd91jmi10j8dpflc9i65yrk-texlive-2023-env-texmfdist/tex/generic/pgf/basiclayer/pgfcorepathusage.code.tex
File: pgfcorepathusage.code.tex 2023-01-15 v3.1.10 (3.1.10)
\pgf@shorten@end@additional=\dimen266
\pgf@shorten@start@additional=\dimen267
) (/nix/store/ahqlhcr0qzd91jmi10j8dpflc9i65yrk-texlive-2023-env-texmfdist/tex/generic/pgf/basiclayer/pgfcorescopes.code.tex
File: pgfcorescopes.code.tex 2023-01-15 v3.1.10 (3.1.10)
\pgfpic=\box59
\pgf@hbox=\box60
\pgf@layerbox@main=\box61
\pgf@picture@serial@count=\count430
) (/nix/store/ahqlhcr0qzd91jmi10j8dpflc9i65yrk-texlive-2023-env-texmfdist/tex/generic/pgf/basiclayer/pgfcoregraphicstate.code.tex
File: pgfcoregraphicstate.code.tex 2023-01-15 v3.1.10 (3.1.10)
\pgflinewidth=\dimen268
) (/nix/store/ahqlhcr0qzd91jmi10j8dpflc9i65yrk-texlive-2023-env-texmfdist/tex/generic/pgf/basiclayer/pgfcoretransformations.code.tex
File: pgfcoretransformations.code.tex 2023-01-15 v3.1.10 (3.1.10)
\pgf@pt@x=\dimen269
\pgf@pt@y=\dimen270
\pgf@pt@temp=\dimen271
) (/nix/store/ahqlhcr0qzd91jmi10j8dpflc9i65yrk-texlive-2023-env-texmfdist/tex/generic/pgf/basiclayer/pgfcorequick.code.tex
File: pgfcorequick.code.tex 2023-01-15 v3.1.10 (3.1.10)
) (/nix/store/ahqlhcr0qzd91jmi10j8dpflc9i65yrk-texlive-2023-env-texmfdist/tex/generic/pgf/basiclayer/pgfcoreobjects.code.tex
File: pgfcoreobjects.code.tex 2023-01-15 v3.1.10 (3.1.10)
) (/nix/store/ahqlhcr0qzd91jmi10j8dpflc9i65yrk-texlive-2023-env-texmfdist/tex/generic/pgf/basiclayer/pgfcorepathprocessing.code.tex
File: pgfcorepathprocessing.code.tex 2023-01-15 v3.1.10 (3.1.10)
) (/nix/store/ahqlhcr0qzd91jmi10j8dpflc9i65yrk-texlive-2023-env-texmfdist/tex/generic/pgf/basiclayer/pgfcorearrows.code.tex
File: pgfcorearrows.code.tex 2023-01-15 v3.1.10 (3.1.10)
\pgfarrowsep=\dimen272
)
(/nix/store/ahqlhcr0qzd91jmi10j8dpflc9i65yrk-texlive-2023-env-texmfdist/tex/generic/pgf/basiclayer/pgfcoreshade.code.tex
File: pgfcoreshade.code.tex 2023-01-15 v3.1.10 (3.1.10)
\pgf@max=\dimen273
\pgf@sys@shading@range@num=\count431
\pgf@shadingcount=\count432
) (/nix/store/ahqlhcr0qzd91jmi10j8dpflc9i65yrk-texlive-2023-env-texmfdist/tex/generic/pgf/basiclayer/pgfcoreimage.code.tex
File: pgfcoreimage.code.tex 2023-01-15 v3.1.10 (3.1.10)
) (/nix/store/ahqlhcr0qzd91jmi10j8dpflc9i65yrk-texlive-2023-env-texmfdist/tex/generic/pgf/basiclayer/pgfcoreexternal.code.tex
File: pgfcoreexternal.code.tex 2023-01-15 v3.1.10 (3.1.10)
\pgfexternal@startupbox=\box62
) (/nix/store/ahqlhcr0qzd91jmi10j8dpflc9i65yrk-texlive-2023-env-texmfdist/tex/generic/pgf/basiclayer/pgfcorelayers.code.tex
File: pgfcorelayers.code.tex 2023-01-15 v3.1.10 (3.1.10)
) (/nix/store/ahqlhcr0qzd91jmi10j8dpflc9i65yrk-texlive-2023-env-texmfdist/tex/generic/pgf/basiclayer/pgfcoretransparency.code.tex
File: pgfcoretransparency.code.tex 2023-01-15 v3.1.10 (3.1.10)
) (/nix/store/ahqlhcr0qzd91jmi10j8dpflc9i65yrk-texlive-2023-env-texmfdist/tex/generic/pgf/basiclayer/pgfcorepatterns.code.tex
File: pgfcorepatterns.code.tex 2023-01-15 v3.1.10 (3.1.10)
) (/nix/store/ahqlhcr0qzd91jmi10j8dpflc9i65yrk-texlive-2023-env-texmfdist/tex/generic/pgf/basiclayer/pgfcorerdf.code.tex
File: pgfcorerdf.code.tex 2023-01-15 v3.1.10 (3.1.10)
))) (/nix/store/ahqlhcr0qzd91jmi10j8dpflc9i65yrk-texlive-2023-env-texmfdist/tex/generic/pgf/modules/pgfmoduleshapes.code.tex
File: pgfmoduleshapes.code.tex 2023-01-15 v3.1.10 (3.1.10)
\pgfnodeparttextbox=\box63
) (/nix/store/ahqlhcr0qzd91jmi10j8dpflc9i65yrk-texlive-2023-env-texmfdist/tex/generic/pgf/modules/pgfmoduleplot.code.tex
File: pgfmoduleplot.code.tex 2023-01-15 v3.1.10 (3.1.10)
) (/nix/store/ahqlhcr0qzd91jmi10j8dpflc9i65yrk-texlive-2023-env-texmfdist/tex/latex/pgf/compatibility/pgfcomp-version-0-65.sty
Package: pgfcomp-version-0-65 2023-01-15 v3.1.10 (3.1.10)
\pgf@nodesepstart=\dimen274
\pgf@nodesepend=\dimen275
) (/nix/store/ahqlhcr0qzd91jmi10j8dpflc9i65yrk-texlive-2023-env-texmfdist/tex/latex/pgf/compatibility/pgfcomp-version-1-18.sty
Package: pgfcomp-version-1-18 2023-01-15 v3.1.10 (3.1.10)
)) (/nix/store/ahqlhcr0qzd91jmi10j8dpflc9i65yrk-texlive-2023-env-texmfdist/tex/latex/pgf/utilities/pgffor.sty (/nix/store/ahqlhcr0qzd91jmi10j8dpflc9i65yrk-texlive-2023-env-texmfdist/tex/latex/pgf/utilities/pgfkeys.sty (/nix/store/ahqlhcr0qzd91jmi10j8dpflc9i65yrk-texlive-2023-env-texmfdist/tex/generic/pgf/utilities/pgfkeys.code.tex)) (/nix/store/ahqlhcr0qzd91jmi10j8dpflc9i65yrk-texlive-2023-env-texmfdist/tex/latex/pgf/math/pgfmath.sty (/nix/store/ahqlhcr0qzd91jmi10j8dpflc9i65yrk-texlive-2023-env-texmfdist/tex/generic/pgf/math/pgfmath.code.tex))
(/nix/store/ahqlhcr0qzd91jmi10j8dpflc9i65yrk-texlive-2023-env-texmfdist/tex/generic/pgf/utilities/pgffor.code.tex
Package: pgffor 2023-01-15 v3.1.10 (3.1.10)
\pgffor@iter=\dimen276
\pgffor@skip=\dimen277
\pgffor@stack=\toks32
\pgffor@toks=\toks33
)) (/nix/store/ahqlhcr0qzd91jmi10j8dpflc9i65yrk-texlive-2023-env-texmfdist/tex/generic/pgf/frontendlayer/tikz/tikz.code.tex
Package: tikz 2023-01-15 v3.1.10 (3.1.10)
 (/nix/store/ahqlhcr0qzd91jmi10j8dpflc9i65yrk-texlive-2023-env-texmfdist/tex/generic/pgf/libraries/pgflibraryplothandlers.code.tex
File: pgflibraryplothandlers.code.tex 2023-01-15 v3.1.10 (3.1.10)
\pgf@plot@mark@count=\count433
\pgfplotmarksize=\dimen278
)
\tikz@lastx=\dimen279
\tikz@lasty=\dimen280
\tikz@lastxsaved=\dimen281
\tikz@lastysaved=\dimen282
\tikz@lastmovetox=\dimen283
\tikz@lastmovetoy=\dimen284
\tikzleveldistance=\dimen285
\tikzsiblingdistance=\dimen286
\tikz@figbox=\box64
\tikz@figbox@bg=\box65
\tikz@tempbox=\box66
\tikz@tempbox@bg=\box67
\tikztreelevel=\count434
\tikznumberofchildren=\count435
\tikznumberofcurrentchild=\count436
\tikz@fig@count=\count437
 (/nix/store/ahqlhcr0qzd91jmi10j8dpflc9i65yrk-texlive-2023-env-texmfdist/tex/generic/pgf/modules/pgfmodulematrix.code.tex
File: pgfmodulematrix.code.tex 2023-01-15 v3.1.10 (3.1.10)
\pgfmatrixcurrentrow=\count438
\pgfmatrixcurrentcolumn=\count439
\pgf@matrix@numberofcolumns=\count440
)
\tikz@expandcount=\count441
 (/nix/store/ahqlhcr0qzd91jmi10j8dpflc9i65yrk-texlive-2023-env-texmfdist/tex/generic/pgf/frontendlayer/tikz/libraries/tikzlibrarytopaths.code.tex
File: tikzlibrarytopaths.code.tex 2023-01-15 v3.1.10 (3.1.10)
))) (/nix/store/ahqlhcr0qzd91jmi10j8dpflc9i65yrk-texlive-2023-env-texmfdist/tex/generic/pgfplots/pgfplots.code.tex (/nix/store/ahqlhcr0qzd91jmi10j8dpflc9i65yrk-texlive-2023-env-texmfdist/tex/generic/pgfplots/pgfplotscore.code.tex
\t@pgfplots@toka=\toks34
\t@pgfplots@tokb=\toks35
\t@pgfplots@tokc=\toks36
\pgfplots@tmpa=\dimen287
\c@pgfplots@coordindex=\count442
\c@pgfplots@scanlineindex=\count443
 (/nix/store/ahqlhcr0qzd91jmi10j8dpflc9i65yrk-texlive-2023-env-texmfdist/tex/generic/pgfplots/sys/pgfplotssysgeneric.code.tex)) (/nix/store/ahqlhcr0qzd91jmi10j8dpflc9i65yrk-texlive-2023-env-texmfdist/tex/generic/pgfplots/libs/pgfplotslibrary.code.tex) (/nix/store/ahqlhcr0qzd91jmi10j8dpflc9i65yrk-texlive-2023-env-texmfdist/tex/generic/pgfplots/oldpgfcompatib/pgfplotsoldpgfsupp_loader.code.tex (/nix/store/ahqlhcr0qzd91jmi10j8dpflc9i65yrk-texlive-2023-env-texmfdist/tex/generic/pgf/libraries/pgflibraryfpu.code.tex)
Package pgfplots: loading complementary utilities for your pgf version...
\t@pgf@toka=\toks37
\t@pgf@tokb=\toks38
\t@pgf@tokc=\toks39
(/nix/store/ahqlhcr0qzd91jmi10j8dpflc9i65yrk-texlive-2023-env-texmfdist/tex/generic/pgfplots/oldpgfcompatib/pgfplotsoldpgfsupp_pgfutil-common-lists.tex)) (/nix/store/ahqlhcr0qzd91jmi10j8dpflc9i65yrk-texlive-2023-env-texmfdist/tex/generic/pgfplots/util/pgfplotsutil.code.tex (/nix/store/ahqlhcr0qzd91jmi10j8dpflc9i65yrk-texlive-2023-env-texmfdist/tex/generic/pgfplots/liststructure/pgfplotsliststructure.code.tex) (/nix/store/ahqlhcr0qzd91jmi10j8dpflc9i65yrk-texlive-2023-env-texmfdist/tex/generic/pgfplots/liststructure/pgfplotsliststructureext.code.tex) (/nix/store/ahqlhcr0qzd91jmi10j8dpflc9i65yrk-texlive-2023-env-texmfdist/tex/generic/pgfplots/liststructure/pgfplotsarray.code.tex
\c@pgfplotsarray@tmp=\count444
) (/nix/store/ahqlhcr0qzd91jmi10j8dpflc9i65yrk-texlive-2023-env-texmfdist/tex/generic/pgfplots/liststructure/pgfplotsmatrix.code.tex) (/nix/store/ahqlhcr0qzd91jmi10j8dpflc9i65yrk-texlive-2023-env-texmfdist/tex/generic/pgfplots/numtable/pgfplotstableshared.code.tex
\c@pgfplotstable@counta=\count445
\t@pgfplotstable@a=\toks40
) (/nix/store/ahqlhcr0qzd91jmi10j8dpflc9i65yrk-texlive-2023-env-texmfdist/tex/generic/pgfplots/liststructure/pgfplotsdeque.code.tex) (/nix/store/ahqlhcr0qzd91jmi10j8dpflc9i65yrk-texlive-2023-env-texmfdist/tex/generic/pgfplots/util/pgfplotsbinary.code.tex (/nix/store/ahqlhcr0qzd91jmi10j8dpflc9i65yrk-texlive-2023-env-texmfdist/tex/generic/pgfplots/util/pgfplotsbinary.data.code.tex)) (/nix/store/ahqlhcr0qzd91jmi10j8dpflc9i65yrk-texlive-2023-env-texmfdist/tex/generic/pgfplots/util/pgfplotsutil.verb.code.tex) (/nix/store/ahqlhcr0qzd91jmi10j8dpflc9i65yrk-texlive-2023-env-texmfdist/tex/generic/pgfplots/libs/pgflibrarypgfplots.surfshading.code.tex
\c@pgfplotslibrarysurf@no=\count446
 (/nix/store/ahqlhcr0qzd91jmi10j8dpflc9i65yrk-texlive-2023-env-texmfdist/tex/generic/pgfplots/sys/pgflibrarypgfplots.surfshading.pgfsys-pdftex.def))) (/nix/store/ahqlhcr0qzd91jmi10j8dpflc9i65yrk-texlive-2023-env-texmfdist/tex/generic/pgfplots/util/pgfplotscolormap.code.tex (/nix/store/ahqlhcr0qzd91jmi10j8dpflc9i65yrk-texlive-2023-env-texmfdist/tex/generic/pgfplots/util/pgfplotscolor.code.tex))
(/nix/store/ahqlhcr0qzd91jmi10j8dpflc9i65yrk-texlive-2023-env-texmfdist/tex/generic/pgfplots/pgfplotsstackedplots.code.tex) (/nix/store/ahqlhcr0qzd91jmi10j8dpflc9i65yrk-texlive-2023-env-texmfdist/tex/generic/pgfplots/pgfplotsplothandlers.code.tex (/nix/store/ahqlhcr0qzd91jmi10j8dpflc9i65yrk-texlive-2023-env-texmfdist/tex/generic/pgfplots/pgfplotsmeshplothandler.code.tex (/nix/store/ahqlhcr0qzd91jmi10j8dpflc9i65yrk-texlive-2023-env-texmfdist/tex/generic/pgfplots/pgfplotsmeshplotimage.code.tex))) (/nix/store/ahqlhcr0qzd91jmi10j8dpflc9i65yrk-texlive-2023-env-texmfdist/tex/generic/pgfplots/pgfplots.scaling.code.tex) (/nix/store/ahqlhcr0qzd91jmi10j8dpflc9i65yrk-texlive-2023-env-texmfdist/tex/generic/pgfplots/pgfplotscoordprocessing.code.tex) (/nix/store/ahqlhcr0qzd91jmi10j8dpflc9i65yrk-texlive-2023-env-texmfdist/tex/generic/pgfplots/pgfplots.errorbars.code.tex) (/nix/store/ahqlhcr0qzd91jmi10j8dpflc9i65yrk-texlive-2023-env-texmfdist/tex/generic/pgfplots/pgfplots.markers.code.tex) (/nix/store/ahqlhcr0qzd91jmi10j8dpflc9i65yrk-texlive-2023-env-texmfdist/tex/generic/pgfplots/pgfplotsticks.code.tex) (/nix/store/ahqlhcr0qzd91jmi10j8dpflc9i65yrk-texlive-2023-env-texmfdist/tex/generic/pgfplots/pgfplots.paths.code.tex) (/nix/store/ahqlhcr0qzd91jmi10j8dpflc9i65yrk-texlive-2023-env-texmfdist/tex/generic/pgf/frontendlayer/tikz/libraries/tikzlibrarydecorations.code.tex (/nix/store/ahqlhcr0qzd91jmi10j8dpflc9i65yrk-texlive-2023-env-texmfdist/tex/generic/pgf/modules/pgfmoduledecorations.code.tex
\pgfdecoratedcompleteddistance=\dimen288
\pgfdecoratedremainingdistance=\dimen289
\pgfdecoratedinputsegmentcompleteddistance=\dimen290
\pgfdecoratedinputsegmentremainingdistance=\dimen291
\pgf@decorate@distancetomove=\dimen292
\pgf@decorate@repeatstate=\count447
\pgfdecorationsegmentamplitude=\dimen293
\pgfdecorationsegmentlength=\dimen294
)
\tikz@lib@dec@box=\box68
) (/nix/store/ahqlhcr0qzd91jmi10j8dpflc9i65yrk-texlive-2023-env-texmfdist/tex/generic/pgf/frontendlayer/tikz/libraries/tikzlibrarydecorations.pathmorphing.code.tex (/nix/store/ahqlhcr0qzd91jmi10j8dpflc9i65yrk-texlive-2023-env-texmfdist/tex/generic/pgf/libraries/decorations/pgflibrarydecorations.pathmorphing.code.tex)) (/nix/store/ahqlhcr0qzd91jmi10j8dpflc9i65yrk-texlive-2023-env-texmfdist/tex/generic/pgf/frontendlayer/tikz/libraries/tikzlibrarydecorations.pathreplacing.code.tex
(/nix/store/ahqlhcr0qzd91jmi10j8dpflc9i65yrk-texlive-2023-env-texmfdist/tex/generic/pgf/libraries/decorations/pgflibrarydecorations.pathreplacing.code.tex)) (/nix/store/ahqlhcr0qzd91jmi10j8dpflc9i65yrk-texlive-2023-env-texmfdist/tex/generic/pgfplots/libs/tikzlibrarypgfplots.contourlua.code.tex)
\pgfplots@numplots=\count448
\pgfplots@xmin@reg=\dimen295
\pgfplots@xmax@reg=\dimen296
\pgfplots@ymin@reg=\dimen297
\pgfplots@ymax@reg=\dimen298
\pgfplots@zmin@reg=\dimen299
\pgfplots@zmax@reg=\dimen300
) (/nix/store/ahqlhcr0qzd91jmi10j8dpflc9i65yrk-texlive-2023-env-texmfdist/tex/generic/pgf/frontendlayer/tikz/libraries/tikzlibraryplotmarks.code.tex
File: tikzlibraryplotmarks.code.tex 2023-01-15 v3.1.10 (3.1.10)
 (/nix/store/ahqlhcr0qzd91jmi10j8dpflc9i65yrk-texlive-2023-env-texmfdist/tex/generic/pgf/libraries/pgflibraryplotmarks.code.tex
File: pgflibraryplotmarks.code.tex 2023-01-15 v3.1.10 (3.1.10)
))) (/nix/store/ahqlhcr0qzd91jmi10j8dpflc9i65yrk-texlive-2023-env-texmfdist/tex/latex/base/fontenc.sty
Package: fontenc 2021/04/29 v2.0v Standard LaTeX package
)
\c@assumptioncounter=\count449
\@quotelevel=\count450
\@quotereset=\count451
 (./main.aux)
\openout1 = `main.aux'.

LaTeX Font Info:    Checking defaults for OML/cmm/m/it on input line 58.
LaTeX Font Info:    ... okay on input line 58.
LaTeX Font Info:    Checking defaults for OMS/cmsy/m/n on input line 58.
LaTeX Font Info:    ... okay on input line 58.
LaTeX Font Info:    Checking defaults for OT1/cmr/m/n on input line 58.
LaTeX Font Info:    ... okay on input line 58.
LaTeX Font Info:    Checking defaults for T1/cmr/m/n on input line 58.
LaTeX Font Info:    ... okay on input line 58.
LaTeX Font Info:    Checking defaults for TS1/cmr/m/n on input line 58.
LaTeX Font Info:    ... okay on input line 58.
LaTeX Font Info:    Checking defaults for OMX/cmex/m/n on input line 58.
LaTeX Font Info:    ... okay on input line 58.
LaTeX Font Info:    Checking defaults for U/cmr/m/n on input line 58.
LaTeX Font Info:    ... okay on input line 58.
LaTeX Font Info:    Checking defaults for PD1/pdf/m/n on input line 58.
LaTeX Font Info:    ... okay on input line 58.
LaTeX Font Info:    Checking defaults for PU/pdf/m/n on input line 58.
LaTeX Font Info:    ... okay on input line 58.
 (/nix/store/ahqlhcr0qzd91jmi10j8dpflc9i65yrk-texlive-2023-env-texmfdist/tex/context/base/mkii/supp-pdf.mkii
[Loading MPS to PDF converter (version 2006.09.02).]
\scratchcounter=\count452
\scratchdimen=\dimen301
\scratchbox=\box69
\nofMPsegments=\count453
\nofMParguments=\count454
\everyMPshowfont=\toks41
\MPscratchCnt=\count455
\MPscratchDim=\dimen302
\MPnumerator=\count456
\makeMPintoPDFobject=\count457
\everyMPtoPDFconversion=\toks42
) (/nix/store/ahqlhcr0qzd91jmi10j8dpflc9i65yrk-texlive-2023-env-texmfdist/tex/latex/epstopdf-pkg/epstopdf-base.sty
Package: epstopdf-base 2020-01-24 v2.11 Base part for package epstopdf
 (/nix/store/ahqlhcr0qzd91jmi10j8dpflc9i65yrk-texlive-2023-env-texmfdist/tex/latex/grfext/grfext.sty
Package: grfext 2019/12/03 v1.3 Manage graphics extensions (HO)
)
Package epstopdf-base Info: Redefining graphics rule for `.eps' on input line 485.
Package grfext Info: Graphics extension search list:
(grfext)             [.pdf,.png,.jpg,.mps,.jpeg,.jbig2,.jb2,.PDF,.PNG,.JPG,.JPEG,.JBIG2,.JB2,.eps]
(grfext)             \AppendGraphicsExtensions on input line 504.
 (/nix/store/ahqlhcr0qzd91jmi10j8dpflc9i65yrk-texlive-2023-env-texmfdist/tex/latex/latexconfig/epstopdf-sys.cfg
File: epstopdf-sys.cfg 2010/07/13 v1.3 Configuration of (r)epstopdf for TeX Live
))
*geometry* driver: auto-detecting
*geometry* detected driver: pdftex
*geometry* verbose mode - [ preamble ] result:
* driver: pdftex
* paper: <default>
* layout: <same size as paper>
* layoutoffset:(h,v)=(0.0pt,0.0pt)
* modes: 
* h-part:(L,W,R)=(72.26999pt, 469.75502pt, 72.26999pt)
* v-part:(T,H,B)=(72.26999pt, 650.43001pt, 72.26999pt)
* \paperwidth=614.295pt
* \paperheight=794.96999pt
* \textwidth=469.75502pt
* \textheight=650.43001pt
* \oddsidemargin=0.0pt
* \evensidemargin=0.0pt
* \topmargin=-37.0pt
* \headheight=12.0pt
* \headsep=25.0pt
* \topskip=10.0pt
* \footskip=30.0pt
* \marginparwidth=65.0pt
* \marginparsep=11.0pt
* \columnsep=10.0pt
* \skip\footins=9.0pt plus 4.0pt minus 2.0pt
* \hoffset=0.0pt
* \voffset=0.0pt
* \mag=1000
* \@twocolumnfalse
* \@twosidefalse
* \@mparswitchfalse
* \@reversemarginfalse
* (1in=72.27pt=25.4mm, 1cm=28.453pt)

Package caption Info: Begin \AtBeginDocument code.
Package caption Info: hyperref package is loaded.
Package caption Info: longtable package is loaded.
(/nix/store/ahqlhcr0qzd91jmi10j8dpflc9i65yrk-texlive-2023-env-texmfdist/tex/latex/caption/ltcaption.sty
Package: ltcaption 2021/01/08 v1.4c longtable captions (AR)
)
Package caption Info: End \AtBeginDocument code.
Package hyperref Info: Link coloring OFF on input line 58.
 (./main.out) (./main.out)
\@outlinefile=\write5
\openout5 = `main.out'.

Package biblatex Info: Trying to load language 'english'...
Package biblatex Info: ... file 'english.lbx' found.
 (/nix/store/ahqlhcr0qzd91jmi10j8dpflc9i65yrk-texlive-2023-env-texmfdist/tex/latex/biblatex/lbx/english.lbx
File: english.lbx 2023/03/05 v3.19 biblatex localization (PK/MW)
)
Package biblatex Info: Input encoding 'utf8' detected.
Package biblatex Info: Automatic encoding selection.
(biblatex)             Assuming data encoding 'utf8'.
\openout3 = `main.bcf'.

Package biblatex Info: Trying to load bibliographic data...
Package biblatex Info: ... file 'main.bbl' not found.

No file main.bbl.
Package biblatex Info: Reference section=0 on input line 58.
Package biblatex Info: Reference segment=0 on input line 58.

Package pgfplots Warning: running in backwards compatibility mode (unsuitable tick labels; missing features). Consider writing \pgfplotsset{compat=1.18} into your preamble.
 on input line 58.

(./titlepage.tex
<images/misc/logoFirW.jpg, id=7, 341.3553pt x 132.0132pt>
File: images/misc/logoFirW.jpg Graphic file (type jpg)
<use images/misc/logoFirW.jpg>
Package pdftex.def Info: images/misc/logoFirW.jpg  used on input line 9.
(pdftex.def)             Requested size: 183.93324pt x 71.13188pt.
<images/misc/kul_logo.jpg, id=8, 475.7775pt x 475.7775pt>
File: images/misc/kul_logo.jpg Graphic file (type jpg)
<use images/misc/kul_logo.jpg>
Package pdftex.def Info: images/misc/kul_logo.jpg  used on input line 11.
(pdftex.def)             Requested size: 71.13123pt x 71.13188pt.
 [1

{/nix/store/rhwlhqyd0r3hlsjcv8r5izkj5fdyp1nn-texlive-2023-env/share/texmf-var/fonts/map/pdftex/updmap/pdftex.map}{/nix/store/ahqlhcr0qzd91jmi10j8dpflc9i65yrk-texlive-2023-env-texmfdist/fonts/enc/dvips/cm-super/cm-super-t1.enc} <./images/misc/logoFirW.jpg> <./images/misc/kul_logo.jpg>]) (./main.toc)
\tf@toc=\write6
\openout6 = `main.toc'.


pdfTeX warning (ext4): destination with the same identifier (name{page.I}) has been already used, duplicate ignored
<to be read again> 
                   \relax 
l.62 \clearpage
                [1]

Package caption Warning: Unused \captionsetup[sub] on input line 19.
See the caption package documentation for explanation.

[1

] 
enddocument/afterlastpage: lastpage setting LastPage.
(./main.aux)
 ***********
LaTeX2e <2023-11-01> patch level 1
L3 programming layer <2024-02-20>
 ***********
Package rerunfilecheck Info: File `main.out' has not changed.
(rerunfilecheck)             Checksum: D41D8CD98F00B204E9800998ECF8427E;0.
Package logreq Info: Writing requests to 'main.run.xml'.
\openout1 = `main.run.xml'.

 ) 
Here is how much of TeX's memory you used:
 38608 strings out of 474116
 901662 string characters out of 5720541
 1929187 words of memory out of 5000000
 60432 multiletter control sequences out of 15000+600000
 564802 words of font info for 45 fonts, out of 8000000 for 9000
 1141 hyphenation exceptions out of 8191
 99i,11n,107p,724b,803s stack positions out of 10000i,1000n,20000p,200000b,200000s
</nix/store/ahqlhcr0qzd91jmi10j8dpflc9i65yrk-texlive-2023-env-texmfdist/fonts/type1/public/cm-super/sfbx1440.pfb></nix/store/ahqlhcr0qzd91jmi10j8dpflc9i65yrk-texlive-2023-env-texmfdist/fonts/type1/public/cm-super/sfbx2488.pfb></nix/store/ahqlhcr0qzd91jmi10j8dpflc9i65yrk-texlive-2023-env-texmfdist/fonts/type1/public/cm-super/sfcc1200.pfb></nix/store/ahqlhcr0qzd91jmi10j8dpflc9i65yrk-texlive-2023-env-texmfdist/fonts/type1/public/cm-super/sfcc1728.pfb></nix/store/ahqlhcr0qzd91jmi10j8dpflc9i65yrk-texlive-2023-env-texmfdist/fonts/type1/public/cm-super/sfrm1000.pfb></nix/store/ahqlhcr0qzd91jmi10j8dpflc9i65yrk-texlive-2023-env-texmfdist/fonts/type1/public/cm-super/sfrm1200.pfb>
Output written on main.pdf (3 pages, 920287 bytes).
PDF statistics:
 58 PDF objects out of 1000 (max. 8388607)
 38 compressed objects within 1 object stream
 4 named destinations out of 1000 (max. 500000)
 23 words of extra memory for PDF output out of 10000 (max. 10000000)

